<?xml version="1.0" encoding="UTF-8"?>
<!-- Generated by org.testng.reporters.JUnitReportReporter -->
<testsuite hostname="DESKTOP-9QLAD2I" failures="0" tests="2" name="com.tester.Demo2Test" time="0.007" errors="0" timestamp="2020-11-20T09:26:40 IST" skipped="0">
  <testcase classname="com.tester.Demo2Test" name="test3" time="0.002"/>
  <system-out/>
  <testcase classname="com.tester.Demo2Test" name="test4" time="0.005"/>
  <system-out/>
</testsuite> <!-- com.tester.Demo2Test -->
